<?xml version="1.0" encoding="UTF-8"?>
<!-- Generated by org.testng.reporters.JUnitXMLReporter -->
<testsuite ignored="2" hostname="DESKTOP-1KIORK2" failures="0" tests="2" name="MyRegressionTest" time="0.012" errors="0" timestamp="2025-11-25T10:31:38 IST">
  <testcase classname="com.qa.Test.login" name="m1" time="0.002"/>
  <testcase classname="com.qa.Test.home" name="m3" time="0.001"/>
  <testcase classname="com.qa.Test.login" name="m2" time="0.0">
    <ignored/>
  </testcase> <!-- m2 -->
  <testcase classname="com.qa.Test.home" name="m4" time="0.0">
    <ignored/>
  </testcase> <!-- m4 -->
</testsuite> <!-- MyRegressionTest -->
