<?xml version="1.0" encoding="UTF-8"?>
<!-- Generated by org.testng.reporters.JUnitXMLReporter -->
<testsuite ignored="0" hostname="DESKTOP-1KIORK2" failures="0" tests="4" name="Test" time="0.076" errors="0" timestamp="2025-11-23T20:31:29 IST">
  <testcase classname="com.qa.Test.customer" name="m5" time="0.007"/>
  <testcase classname="com.qa.Test.customer" name="m6" time="0.001"/>
  <testcase classname="com.qa.Test.customer" name="m7" time="0.001"/>
  <testcase classname="com.qa.Test.customer" name="m8" time="0.001"/>
</testsuite> <!-- Test -->
