<?xml version="1.0" encoding="UTF-8"?>
<!-- Generated by org.testng.reporters.JUnitXMLReporter -->
<testsuite ignored="0" hostname="DESKTOP-1KIORK2" failures="0" tests="6" name="Surefire test" time="63.689" errors="0" timestamp="2025-11-23T18:37:11 IST">
  <testcase classname="com.qa.Test.Page2Test" name="Test3" time="43.974"/>
  <testcase classname="com.qa.tests.Page1Test" name="Test1" time="44.824"/>
  <testcase classname="com.qa.tests.Page2Test" name="Test3" time="45.13"/>
  <testcase classname="com.qa.Test.Page2Test" name="Test4" time="13.184"/>
  <testcase classname="com.qa.tests.Page2Test" name="Test4" time="17.772"/>
  <testcase classname="com.qa.tests.Page1Test" name="Test2" time="18.789"/>
</testsuite> <!-- Surefire test -->
