<?xml version="1.0" encoding="UTF-8"?>
<!-- Generated by org.testng.reporters.JUnitXMLReporter -->
<testsuite ignored="5" hostname="DESKTOP-1KIORK2" failures="0" tests="1" name="Default test" time="0.095" errors="0" timestamp="2025-12-07T13:13:56 IST">
  <testcase classname="com.qa.Test.login" name="m6" time="0.015"/>
  <testcase classname="com.qa.Test.login" name="m5" time="0.0">
    <ignored/>
  </testcase> <!-- m5 -->
  <testcase classname="com.qa.Test.login" name="m4" time="0.0">
    <ignored/>
  </testcase> <!-- m4 -->
  <testcase classname="com.qa.Test.login" name="m3" time="0.0">
    <ignored/>
  </testcase> <!-- m3 -->
  <testcase classname="com.qa.Test.login" name="m2" time="0.0">
    <ignored/>
  </testcase> <!-- m2 -->
  <testcase classname="com.qa.Test.login" name="m1" time="0.0">
    <ignored/>
  </testcase> <!-- m1 -->
</testsuite> <!-- Default test -->
