<?xml version="1.0" encoding="UTF-8"?>
<!-- Generated by org.testng.reporters.JUnitXMLReporter -->
<testsuite ignored="2" hostname="DESKTOP-1KIORK2" failures="0" tests="0" time="0.019" errors="0" timestamp="2025-11-23T23:38:06 IST">
  <testcase classname="com.qa.tests.Dependsonmethodeg" name="logintest" time="0.0">
    <ignored/>
  </testcase> <!-- logintest -->
  <testcase classname="com.qa.tests.Dependsonmethodeg" name="Dashboard" time="0.0">
    <ignored/>
  </testcase> <!-- Dashboard -->
</testsuite>
