<?xml version="1.0" encoding="UTF-8"?>
<!-- Generated by org.testng.reporters.JUnitXMLReporter -->
<testsuite ignored="5" hostname="DESKTOP-1KIORK2" failures="0" tests="1" name="groupTest" time="0.117" errors="0" timestamp="2025-11-25T12:31:15 IST">
  <testcase classname="com.qa.tests.Groupstestcases" name="HomeTest_verifytitle" time="0.014"/>
  <testcase classname="com.qa.tests.Groupstestcases" name="HomeTest_verifyfooter" time="0.0">
    <ignored/>
  </testcase> <!-- HomeTest_verifyfooter -->
  <testcase classname="com.qa.tests.Groupstestcases" name="LoginTest_verifylogo" time="0.0">
    <ignored/>
  </testcase> <!-- LoginTest_verifylogo -->
  <testcase classname="com.qa.tests.Groupstestcases" name="LoginTest_verifytitle" time="0.0">
    <ignored/>
  </testcase> <!-- LoginTest_verifytitle -->
  <testcase classname="com.qa.tests.Groupstestcases" name="HomeTest_verifylogo" time="0.0">
    <ignored/>
  </testcase> <!-- HomeTest_verifylogo -->
  <testcase classname="com.qa.tests.Groupstestcases" name="LoginTest_verifyimage" time="0.0">
    <ignored/>
  </testcase> <!-- LoginTest_verifyimage -->
</testsuite> <!-- groupTest -->
