<?xml version="1.0" encoding="UTF-8"?>
<!-- Generated by org.testng.reporters.JUnitXMLReporter -->
<testsuite ignored="3" hostname="DESKTOP-1KIORK2" failures="0" tests="3" name="Test" time="0.125" errors="0" timestamp="2025-12-03T22:02:40 IST">
  <testcase classname="com.qa.Test.Groupstestcases2" name="LoginTest_verifyimage" time="0.012"/>
  <testcase classname="com.qa.Test.Groupstestcases2" name="LoginTest_verifylogo" time="0.007"/>
  <testcase classname="com.qa.Test.Groupstestcases2" name="LoginTest_verifytitle" time="0.006"/>
  <testcase classname="com.qa.Test.Groupstestcases2" name="HomeTest_verifytitle" time="0.0">
    <ignored/>
  </testcase> <!-- HomeTest_verifytitle -->
  <testcase classname="com.qa.Test.Groupstestcases2" name="HomeTest_verifylogo" time="0.0">
    <ignored/>
  </testcase> <!-- HomeTest_verifylogo -->
  <testcase classname="com.qa.Test.Groupstestcases2" name="HomeTest_verifyfooter" time="0.0">
    <ignored/>
  </testcase> <!-- HomeTest_verifyfooter -->
</testsuite> <!-- Test -->
