<?xml version="1.0" encoding="UTF-8"?>
<!-- Generated by org.testng.reporters.JUnitXMLReporter -->
<testsuite ignored="0" hostname="DESKTOP-1KIORK2" failures="0" tests="8" name="Test" time="0.12" errors="0" timestamp="2025-11-25T11:19:54 IST">
  <testcase classname="com.qa.Test.emp" name="m1" time="0.01"/>
  <testcase classname="com.qa.Test.emp" name="m2" time="0.004"/>
  <testcase classname="com.qa.Test.emp" name="m3" time="0.002"/>
  <testcase classname="com.qa.Test.emp" name="m4" time="0.001"/>
  <testcase classname="com.qa.Test.customer" name="m5" time="0.001"/>
  <testcase classname="com.qa.Test.customer" name="m6" time="0.001"/>
  <testcase classname="com.qa.Test.customer" name="m7" time="0.0"/>
  <testcase classname="com.qa.Test.customer" name="m8" time="0.002"/>
</testsuite> <!-- Test -->
