<?xml version="1.0" encoding="UTF-8"?>
<!-- Generated by org.testng.reporters.JUnitXMLReporter -->
<testsuite ignored="0" hostname="DESKTOP-1KIORK2" failures="0" tests="4" name="Test" time="20.678" errors="0" timestamp="2025-11-25T11:39:09 IST">
  <testcase classname="com.qa.tests.Page1Test" name="Test1" time="3.102"/>
  <testcase classname="com.qa.tests.Page1Test" name="Test2" time="6.031"/>
  <testcase classname="com.qa.tests.Page2Test" name="Test3" time="11.171"/>
  <testcase classname="com.qa.tests.Page2Test" name="Test4" time="9.432"/>
</testsuite> <!-- Test -->
