<?xml version="1.0" encoding="UTF-8"?>
<testng-results ignored="0" total="4" passed="4" failed="0" skipped="0">
  <reporter-output>
  </reporter-output>
  <suite started-at="2025-11-25T11:38:48 IST" name="finalSuite" finished-at="2025-11-25T11:39:09 IST" duration-ms="20678">
    <groups>
    </groups>
    <test started-at="2025-11-25T11:38:48 IST" name="Test" finished-at="2025-11-25T11:39:09 IST" duration-ms="20678">
      <class name="com.qa.tests.Page1Test">
        <test-method signature="Test1()[pri:0, instance:com.qa.tests.Page1Test@192d43ce]" started-at="2025-11-25T11:38:48 IST" name="Test1" finished-at="2025-11-25T11:38:51 IST" duration-ms="3102" status="PASS">
          <reporter-output>
          </reporter-output>
        </test-method> <!-- Test1 -->
        <test-method signature="Test2()[pri:0, instance:com.qa.tests.Page1Test@192d43ce]" started-at="2025-11-25T11:38:51 IST" name="Test2" finished-at="2025-11-25T11:38:57 IST" duration-ms="6031" status="PASS">
          <reporter-output>
          </reporter-output>
        </test-method> <!-- Test2 -->
      </class> <!-- com.qa.tests.Page1Test -->
      <class name="com.qa.tests.Page2Test">
        <test-method signature="Test3()[pri:0, instance:com.qa.tests.Page2Test@479d31f3]" started-at="2025-11-25T11:38:48 IST" name="Test3" finished-at="2025-11-25T11:38:59 IST" duration-ms="11171" status="PASS">
          <reporter-output>
          </reporter-output>
        </test-method> <!-- Test3 -->
        <test-method signature="Test4()[pri:0, instance:com.qa.tests.Page2Test@479d31f3]" started-at="2025-11-25T11:38:59 IST" name="Test4" finished-at="2025-11-25T11:39:09 IST" duration-ms="9432" status="PASS">
          <reporter-output>
          </reporter-output>
        </test-method> <!-- Test4 -->
      </class> <!-- com.qa.tests.Page2Test -->
    </test> <!-- Test -->
  </suite> <!-- finalSuite -->
</testng-results>
