<?xml version="1.0" encoding="UTF-8"?>
<testng-results ignored="5" total="6" passed="1" failed="0" skipped="0">
  <reporter-output>
  </reporter-output>
  <suite started-at="2025-12-07T13:13:56 IST" name="Default suite" finished-at="2025-12-07T13:13:56 IST" duration-ms="95">
    <groups>
    </groups>
    <test started-at="2025-12-07T13:13:56 IST" name="Default test" finished-at="2025-12-07T13:13:56 IST" duration-ms="95">
      <class name="com.qa.Test.login">
        <test-method signature="m6()[pri:1, instance:com.qa.Test.login@776aec5c]" started-at="2025-12-07T13:13:56 IST" name="m6" finished-at="2025-12-07T13:13:56 IST" duration-ms="15" status="PASS">
          <reporter-output>
          </reporter-output>
        </test-method> <!-- m6 -->
      </class> <!-- com.qa.Test.login -->
    </test> <!-- Default test -->
  </suite> <!-- Default suite -->
</testng-results>
