<?xml version="1.0" encoding="UTF-8"?>
<testng-results ignored="0" total="1" passed="1" failed="0" skipped="0">
  <reporter-output>
  </reporter-output>
  <suite started-at="2025-12-05T11:31:00 IST" name="Default suite" finished-at="2025-12-05T11:31:08 IST" duration-ms="7478">
    <groups>
    </groups>
    <test started-at="2025-12-05T11:31:00 IST" name="Default test" finished-at="2025-12-05T11:31:08 IST" duration-ms="7478">
      <class name="com.qa.selenium.CaptureScreenshot">
        <test-method signature="capturescreenshot()[pri:0, instance:com.qa.selenium.CaptureScreenshot@5b7a5baa]" started-at="2025-12-05T11:31:00 IST" name="capturescreenshot" finished-at="2025-12-05T11:31:08 IST" duration-ms="7313" status="PASS">
          <reporter-output>
          </reporter-output>
        </test-method> <!-- capturescreenshot -->
      </class> <!-- com.qa.selenium.CaptureScreenshot -->
    </test> <!-- Default test -->
  </suite> <!-- Default suite -->
</testng-results>
