<?xml version="1.0" encoding="UTF-8"?>
<!-- Generated by org.testng.reporters.JUnitXMLReporter -->
<testsuite ignored="0" hostname="DESKTOP-1KIORK2" failures="0" tests="4" name="Test" time="19.318" errors="0" timestamp="2025-11-25T11:42:32 IST">
  <testcase classname="com.qa.tests.Page1Test" name="Test1" time="3.975"/>
  <testcase classname="com.qa.tests.Page1Test" name="Test2" time="2.875"/>
  <testcase classname="com.qa.tests.Page2Test" name="Test3" time="10.486"/>
  <testcase classname="com.qa.tests.Page2Test" name="Test4" time="8.709"/>
</testsuite> <!-- Test -->
