<?xml version="1.0" encoding="UTF-8"?>
<!-- Generated by org.testng.reporters.JUnitReportReporter -->
<testsuite hostname="DESKTOP-1KIORK2" failures="0" tests="2" name="com.qa.tests.SkipTestcase" time="0.019" errors="0" timestamp="2025-11-23T22:55:35 IST" skipped="1">
  <testcase classname="com.qa.tests.SkipTestcase" name="m2" time="0.008"/>
  <testcase classname="com.qa.tests.SkipTestcase" name="m1" time="0.011">
    <skipped/>
  </testcase> <!-- m1 -->
</testsuite> <!-- com.qa.tests.SkipTestcase -->
