<?xml version="1.0" encoding="UTF-8"?>
<!-- Generated by org.testng.reporters.JUnitReportReporter -->
<testsuite hostname="DESKTOP-1KIORK2" failures="0" tests="3" name="com.qa.Test.Groupstestcases2" time="0.025" errors="0" timestamp="2025-12-03T22:02:40 IST" skipped="0">
  <testcase classname="com.qa.Test.Groupstestcases2" name="LoginTest_verifytitle" time="0.006"/>
  <testcase classname="com.qa.Test.Groupstestcases2" name="LoginTest_verifylogo" time="0.007"/>
  <testcase classname="com.qa.Test.Groupstestcases2" name="LoginTest_verifyimage" time="0.012"/>
</testsuite> <!-- com.qa.Test.Groupstestcases2 -->
