<?xml version="1.0" encoding="UTF-8"?>
<!-- Generated by org.testng.reporters.JUnitReportReporter -->
<testsuite hostname="DESKTOP-1KIORK2" failures="0" tests="4" name="com.qa.Test.customer" time="0.030" errors="0" timestamp="2025-11-25T10:31:38 IST" skipped="0">
  <testcase classname="com.qa.Test.customer" name="m5" time="0.015"/>
  <testcase classname="com.qa.Test.customer" name="m8" time="0.004"/>
  <testcase classname="com.qa.Test.customer" name="m7" time="0.003"/>
  <testcase classname="com.qa.Test.customer" name="m6" time="0.008"/>
</testsuite> <!-- com.qa.Test.customer -->
