<?xml version="1.0" encoding="UTF-8"?>
<!-- Generated by org.testng.reporters.JUnitReportReporter -->
<testsuite hostname="DESKTOP-1KIORK2" failures="0" tests="6" name="com.qa.tests.Groupstestcases" time="0.034" errors="0" timestamp="2025-11-25T12:33:09 IST" skipped="0">
  <testcase classname="com.qa.tests.Groupstestcases" name="HomeTest_verifytitle" time="0.004"/>
  <testcase classname="com.qa.tests.Groupstestcases" name="LoginTest_verifylogo" time="0.006"/>
  <testcase classname="com.qa.tests.Groupstestcases" name="LoginTest_verifytitle" time="0.004"/>
  <testcase classname="com.qa.tests.Groupstestcases" name="HomeTest_verifylogo" time="0.004"/>
  <testcase classname="com.qa.tests.Groupstestcases" name="LoginTest_verifyimage" time="0.003"/>
  <testcase classname="com.qa.tests.Groupstestcases" name="HomeTest_verifyfooter" time="0.013"/>
</testsuite> <!-- com.qa.tests.Groupstestcases -->
