<?xml version="1.0" encoding="UTF-8"?>
<!-- Generated by org.testng.reporters.JUnitReportReporter -->
<testsuite hostname="DESKTOP-1KIORK2" failures="0" tests="2" name="com.qa.tests.Dependsonmethodeg" time="0.018" errors="0" timestamp="2025-11-23T23:09:18 IST" skipped="1">
  <testcase classname="com.qa.tests.Dependsonmethodeg" name="Dashboard" time="0.004"/>
  <testcase classname="com.qa.tests.Dependsonmethodeg" name="logintest" time="0.014">
    <skipped/>
  </testcase> <!-- logintest -->
</testsuite> <!-- com.qa.tests.Dependsonmethodeg -->
