<?xml version="1.0" encoding="UTF-8"?>
<!-- Generated by org.testng.reporters.JUnitReportReporter -->
<testsuite hostname="DESKTOP-1KIORK2" failures="0" tests="4" name="com.qa.Test.customer" time="0.004" errors="0" timestamp="2025-11-25T11:19:55 IST" skipped="0">
  <testcase classname="com.qa.Test.customer" name="m7" time="0.000"/>
  <testcase classname="com.qa.Test.customer" name="m6" time="0.001"/>
  <testcase classname="com.qa.Test.customer" name="m8" time="0.002"/>
  <testcase classname="com.qa.Test.customer" name="m5" time="0.001"/>
</testsuite> <!-- com.qa.Test.customer -->
