<?xml version="1.0" encoding="UTF-8"?>
<!-- Generated by org.testng.reporters.JUnitReportReporter -->
<testsuite hostname="DESKTOP-1KIORK2" failures="0" tests="4" name="com.qa.Test.emp" time="0.017" errors="0" timestamp="2025-11-25T11:19:55 IST" skipped="0">
  <testcase classname="com.qa.Test.emp" name="m3" time="0.002"/>
  <testcase classname="com.qa.Test.emp" name="m2" time="0.004"/>
  <testcase classname="com.qa.Test.emp" name="m1" time="0.010"/>
  <testcase classname="com.qa.Test.emp" name="m4" time="0.001"/>
</testsuite> <!-- com.qa.Test.emp -->
