<?xml version="1.0" encoding="UTF-8"?>
<!-- Generated by org.testng.reporters.JUnitXMLReporter -->
<testsuite ignored="0" hostname="DESKTOP-1KIORK2" failures="2" tests="3" name="retrymultiplefailedTestcasess" time="0.127" errors="0" timestamp="2025-12-03T22:19:43 IST">
  <testcase classname="com.qa.selenium.Testcases$login" name="m1" time="0.026">
    <failure type="java.lang.AssertionError" message="expected [true] but found [false]">
      <![CDATA[java.lang.AssertionError: expected [true] but found [false]
at com.qa.selenium.Testcases$login.m1(Testcases.java:12)
at java.base/java.util.ArrayList.forEach(ArrayList.java:1511)
... Removed 34 stack frames]]>
    </failure>
  </testcase> <!-- m1 -->
  <testcase classname="com.qa.selenium.Testcases$login" name="m2" time="0.002">
    <failure type="java.lang.AssertionError" message="expected [true] but found [false]">
      <![CDATA[java.lang.AssertionError: expected [true] but found [false]
at com.qa.selenium.Testcases$login.m2(Testcases.java:17)
at java.base/java.util.ArrayList.forEach(ArrayList.java:1511)
... Removed 34 stack frames]]>
    </failure>
  </testcase> <!-- m2 -->
  <testcase classname="com.qa.selenium.Testcases$login" name="m3" time="0.009"/>
</testsuite> <!-- retrymultiplefailedTestcasess -->
